{"uuid":"247d8593-5866-4734-9f4d-396075dc2135","historyId":"491e1734bfcd6bc07566486021be3d46","fullName":"com.testAutomation.tests.DataDriverTesingUsingJSONFile.dataDriverTest","labels":[{"name":"package","value":"com.testAutomation.tests.DataDriverTesingUsingJSONFile"},{"name":"testClass","value":"com.testAutomation.tests.DataDriverTesingUsingJSONFile"},{"name":"testMethod","value":"dataDriverTest"},{"name":"parentSuite","value":"Default suite"},{"name":"suite","value":"Default test"},{"name":"subSuite","value":"com.testAutomation.tests.DataDriverTesingUsingJSONFile"},{"name":"host","value":"rutul4100"},{"name":"thread","value":"24136@rutul4100.main(1)"},{"name":"framework","value":"testng"},{"name":"language","value":"java"}],"links":[],"name":"dataDriverTest","status":"broken","statusDetails":{"known":false,"muted":false,"flaky":false,"message":"com.jayway.jsonpath.InvalidPathException: Path must not end with a '.' or '..'","trace":"java.lang.RuntimeException: com.jayway.jsonpath.InvalidPathException: Path must not end with a '.' or '..'\r\n\tat org.testng.internal.invokers.MethodInvocationHelper.invokeMethodNoCheckedException(MethodInvocationHelper.java:57)\r\n\tat org.testng.internal.invokers.MethodInvocationHelper.invokeDataProvider(MethodInvocationHelper.java:157)\r\n\tat org.testng.internal.Parameters.handleParameters(Parameters.java:803)\r\n\tat org.testng.internal.Parameters.handleParameters(Parameters.java:728)\r\n\tat org.testng.internal.invokers.ParameterHandler.handleParameters(ParameterHandler.java:72)\r\n\tat org.testng.internal.invokers.ParameterHandler.createParameters(ParameterHandler.java:51)\r\n\tat org.testng.internal.invokers.TestInvoker$MethodInvocationAgent.invoke(TestInvoker.java:911)\r\n\tat org.testng.internal.invokers.TestInvoker.invokeTestMethods(TestInvoker.java:200)\r\n\tat org.testng.internal.invokers.TestMethodWorker.invokeTestMethods(TestMethodWorker.java:148)\r\n\tat org.testng.internal.invokers.TestMethodWorker.run(TestMethodWorker.java:128)\r\n\tat java.base/java.util.ArrayList.forEach(ArrayList.java:1597)\r\n\tat org.testng.TestRunner.privateRun(TestRunner.java:848)\r\n\tat org.testng.TestRunner.run(TestRunner.java:621)\r\n\tat org.testng.SuiteRunner.runTest(SuiteRunner.java:443)\r\n\tat org.testng.SuiteRunner.runSequentially(SuiteRunner.java:437)\r\n\tat org.testng.SuiteRunner.privateRun(SuiteRunner.java:397)\r\n\tat org.testng.SuiteRunner.run(SuiteRunner.java:336)\r\n\tat org.testng.SuiteRunnerWorker.runSuite(SuiteRunnerWorker.java:52)\r\n\tat org.testng.SuiteRunnerWorker.run(SuiteRunnerWorker.java:95)\r\n\tat org.testng.TestNG.runSuitesSequentially(TestNG.java:1280)\r\n\tat org.testng.TestNG.runSuitesLocally(TestNG.java:1200)\r\n\tat org.testng.TestNG.runSuites(TestNG.java:1114)\r\n\tat org.testng.TestNG.run(TestNG.java:1082)\r\n\tat org.testng.remote.AbstractRemoteTestNG.run(AbstractRemoteTestNG.java:115)\r\n\tat org.testng.remote.RemoteTestNG.initAndRun(RemoteTestNG.java:293)\r\n\tat org.testng.remote.RemoteTestNG.main(RemoteTestNG.java:91)\r\nCaused by: com.jayway.jsonpath.InvalidPathException: Path must not end with a '.' or '..'\r\n\tat com.jayway.jsonpath.internal.path.PathCompiler.fail(PathCompiler.java:642)\r\n\tat com.jayway.jsonpath.internal.path.PathCompiler.compile(PathCompiler.java:72)\r\n\tat com.jayway.jsonpath.JsonPath.<init>(JsonPath.java:97)\r\n\tat com.jayway.jsonpath.JsonPath.compile(JsonPath.java:515)\r\n\tat com.jayway.jsonpath.internal.JsonContext.pathFromCache(JsonContext.java:222)\r\n\tat com.jayway.jsonpath.internal.JsonContext.read(JsonContext.java:77)\r\n\tat com.jayway.jsonpath.JsonPath.read(JsonPath.java:550)\r\n\tat com.testAutomation.tests.DataDriverTesingUsingJSONFile.getTestDataUsingJSON(DataDriverTesingUsingJSONFile.java:59)\r\n\tat java.base/jdk.internal.reflect.DirectMethodHandleAccessor.invoke(DirectMethodHandleAccessor.java:103)\r\n\tat java.base/java.lang.reflect.Method.invoke(Method.java:580)\r\n\tat org.testng.internal.invokers.MethodInvocationHelper.invokeMethod(MethodInvocationHelper.java:139)\r\n\tat org.testng.internal.invokers.MethodInvocationHelper.invokeMethod(MethodInvocationHelper.java:84)\r\n\tat org.testng.internal.invokers.MethodInvocationHelper.invokeMethodNoCheckedException(MethodInvocationHelper.java:53)\r\n\t... 25 more\r\n"},"stage":"finished","steps":[],"attachments":[],"parameters":[],"start":1727709956556,"stop":1727709956558}